<?xml version="1.0" encoding="UTF-8"?>
<testng-results ignored="0" total="1" passed="1" failed="0" skipped="0">
  <reporter-output>
  </reporter-output>
  <suite started-at="2023-03-06T18:48:40 IST" name="Default suite" finished-at="2023-03-06T18:49:32 IST" duration-ms="51560">
    <groups>
    </groups>
    <test started-at="2023-03-06T18:48:40 IST" name="Default test" finished-at="2023-03-06T18:49:32 IST" duration-ms="51560">
      <class name="Projectname.testScript.Alerthandle">
        <test-method is-config="true" signature="launchBrowser()[pri:0, instance:Projectname.testScript.Alerthandle@7f3b84b8]" started-at="2023-03-06T18:48:40 IST" name="launchBrowser" finished-at="2023-03-06T18:48:43 IST" duration-ms="2659" status="PASS">
          <reporter-output>
          </reporter-output>
        </test-method> <!-- launchBrowser -->
        <test-method is-config="true" signature="login()[pri:0, instance:Projectname.testScript.Alerthandle@7f3b84b8]" started-at="2023-03-06T18:48:43 IST" name="login" finished-at="2023-03-06T18:49:01 IST" duration-ms="18356" status="PASS">
          <reporter-output>
          </reporter-output>
        </test-method> <!-- login -->
        <test-method signature="Alerthan()[pri:0, instance:Projectname.testScript.Alerthandle@7f3b84b8]" started-at="2023-03-06T18:49:01 IST" name="Alerthan" finished-at="2023-03-06T18:49:11 IST" duration-ms="10013" status="PASS">
          <reporter-output>
          </reporter-output>
        </test-method> <!-- Alerthan -->
        <test-method is-config="true" signature="logout()[pri:0, instance:Projectname.testScript.Alerthandle@7f3b84b8]" started-at="2023-03-06T18:49:11 IST" name="logout" finished-at="2023-03-06T18:49:16 IST" duration-ms="4259" status="PASS">
          <reporter-output>
          </reporter-output>
        </test-method> <!-- logout -->
        <test-method is-config="true" signature="closeBrowser()[pri:0, instance:Projectname.testScript.Alerthandle@7f3b84b8]" started-at="2023-03-06T18:49:16 IST" name="closeBrowser" finished-at="2023-03-06T18:49:32 IST" duration-ms="16225" status="PASS">
          <reporter-output>
          </reporter-output>
        </test-method> <!-- closeBrowser -->
      </class> <!-- Projectname.testScript.Alerthandle -->
    </test> <!-- Default test -->
  </suite> <!-- Default suite -->
</testng-results>
